c:\api\lexengine\lexengine\x64\release\vc143.pdb
c:\api\lexengine\lexengine\x64\release\vc143.idb
c:\api\lexengine\lexengine\x64\release\miniaudio.obj
c:\api\lexengine\lexengine\x64\release\glad.obj
c:\api\lexengine\lexengine\x64\release\vbo.obj
c:\api\lexengine\lexengine\x64\release\vao.obj
c:\api\lexengine\lexengine\x64\release\stb.obj
c:\api\lexengine\lexengine\x64\release\main.obj
c:\api\lexengine\lexengine\x64\release\lextexture.obj
c:\api\lexengine\lexengine\x64\release\lex.obj
c:\api\lexengine\lexengine\x64\release\ebo.obj
c:\api\lexengine\x64\release\lexengine.exe
c:\api\lexengine\x64\release\lexengine.pdb
c:\api\lexengine\x64\release\lexengine.lib
c:\api\lexengine\x64\release\lexengine.exp
c:\api\lexengine\lexengine\x64\release\lexengine.ipdb
c:\api\lexengine\lexengine\x64\release\lexengine.iobj
c:\api\lexengine\lexengine\x64\release\shaderclass.obj
c:\api\lexengine\lexengine\x64\release\lexengine.tlog\cl.command.1.tlog
c:\api\lexengine\lexengine\x64\release\lexengine.tlog\cl.items.tlog
c:\api\lexengine\lexengine\x64\release\lexengine.tlog\cl.read.1.tlog
c:\api\lexengine\lexengine\x64\release\lexengine.tlog\cl.write.1.tlog
c:\api\lexengine\lexengine\x64\release\lexengine.tlog\link.command.1.tlog
c:\api\lexengine\lexengine\x64\release\lexengine.tlog\link.read.1.tlog
c:\api\lexengine\lexengine\x64\release\lexengine.tlog\link.secondary.1.tlog
c:\api\lexengine\lexengine\x64\release\lexengine.tlog\link.write.1.tlog
